<?xml version="1.0" encoding="UTF-8"?>
<!-- Generated by org.testng.reporters.JUnitReportReporter -->
<testsuite skipped="0" hostname="W10x64" name="com.dependenceOnMethod.crm.DependsOnMethod" tests="2" failures="0" timestamp="2021-09-17T14:21:00 IST" time="0.020" errors="0">
  <testcase name="regression" time="0.013" classname="com.dependenceOnMethod.crm.DependsOnMethod"/>
  <system-out/>
  <testcase name="smoke" time="0.007" classname="com.dependenceOnMethod.crm.DependsOnMethod"/>
  <system-out/>
</testsuite> <!-- com.dependenceOnMethod.crm.DependsOnMethod -->
