<?xml version="1.0" encoding="UTF-8"?>
<!-- Generated by org.testng.reporters.JUnitReportReporter -->
<testsuite skipped="0" hostname="W10x64" name="com.testNG.crm.SecondBathTest" tests="3" failures="0" timestamp="2021-09-17T14:40:06 IST" time="0.009" errors="0">
  <testcase name="signoutoutFromApp" time="0.002" classname="com.testNG.crm.SecondBathTest"/>
  <system-out/>
  <testcase name="goToHomePage" time="0.007" classname="com.testNG.crm.SecondBathTest"/>
  <system-out/>
  <testcase name="signupToApp" time="0.000" classname="com.testNG.crm.SecondBathTest"/>
  <system-out/>
</testsuite> <!-- com.testNG.crm.SecondBathTest -->
