<?xml version="1.0" encoding="UTF-8"?>
<!-- Generated by org.testng.reporters.JUnitReportReporter -->
<testsuite hostname="W10x64" failures="0" tests="2" name="com.prctice.crm.Practice1" time="0.030" errors="0" timestamp="2021-09-10T19:05:10 IST" skipped="1">
  <testcase classname="com.prctice.crm.Practice1" name="smoke" time="0.011"/>
  <system-out/>
  <testcase classname="com.prctice.crm.Practice1" name="regression" time="0.019">
    <skipped/>
  </testcase> <!-- regression -->
  <system-out/>
</testsuite> <!-- com.prctice.crm.Practice1 -->
