<?xml version="1.0" encoding="UTF-8"?>
<!-- Generated by org.testng.reporters.JUnitReportReporter -->
<testsuite hostname="W10x64" failures="0" tests="2" name="com.prctice.crm.Practice2" time="0.004" errors="0" timestamp="2021-09-10T13:56:07 IST" skipped="0">
  <testcase classname="com.prctice.crm.Practice2" name="smoke2" time="0.002"/>
  <system-out/>
  <testcase classname="com.prctice.crm.Practice2" name="regression2" time="0.002"/>
  <system-out/>
</testsuite> <!-- com.prctice.crm.Practice2 -->
