<?xml version="1.0" encoding="UTF-8"?>
<!-- Generated by org.testng.reporters.JUnitReportReporter -->
<testsuite skipped="0" hostname="W10x64" name="com.testNG.crm.FirstBathTest" tests="3" failures="0" timestamp="2021-09-17T14:40:54 IST" time="0.009" errors="0">
  <testcase name="logoutFromApp" time="0.001" classname="com.testNG.crm.FirstBathTest"/>
  <system-out/>
  <testcase name="goToHomePage" time="0.006" classname="com.testNG.crm.FirstBathTest"/>
  <system-out/>
  <testcase name="loginToApp" time="0.002" classname="com.testNG.crm.FirstBathTest"/>
  <system-out/>
</testsuite> <!-- com.testNG.crm.FirstBathTest -->
