<?xml version="1.0" encoding="UTF-8"?>
<!-- Generated by org.testng.reporters.JUnitReportReporter -->
<testsuite hostname="W10x64" failures="0" tests="1" name="com.prctice.crm.Practice3" time="0.015" errors="0" timestamp="2021-09-10T16:45:01 IST" skipped="0">
  <testcase classname="com.prctice.crm.Practice3" name="Check" time="0.015"/>
  <system-out/>
</testsuite> <!-- com.prctice.crm.Practice3 -->
